Build started 3/10/2015 12:17:29 PM.
     1>Project "C:\Users\Lai ling Yi\Documents\GitHub\main\CheckMate integrated\CheckMate\CheckMate\CheckMate.vcxproj" on node 2 (Build target(s)).
     1>ClCompile:
         C:\Program Files\Microsoft Visual Studio 11.0\VC\bin\CL.exe /c /IC:\boost\boost_1_57_0 /ZI /nologo /W3 /WX- /sdl /Od /Oy- /D _MBCS /Gm /EHsc /RTC1 /MDd /GS /fp:precise /Zc:wchar_t /Zc:forScope /Fo"Debug\\" /Fd"Debug\vc110.pdb" /Gd /TP /analyze- /errorReport:prompt ..\CMParser\CMParser.cpp ..\CMParser\TestDriver.cpp
         TestDriver.cpp
     1>c:\users\lai ling yi\documents\github\main\checkmate integrated\checkmate\cmparser\cmparser.h(6): fatal error C1083: Cannot open include file: 'boost/date_time.hpp': No such file or directory
         CMParser.cpp
     1>c:\users\lai ling yi\documents\github\main\checkmate integrated\checkmate\cmparser\cmparser.h(6): fatal error C1083: Cannot open include file: 'boost/date_time.hpp': No such file or directory
         Generating Code...
     1>Done Building Project "C:\Users\Lai ling Yi\Documents\GitHub\main\CheckMate integrated\CheckMate\CheckMate\CheckMate.vcxproj" (Build target(s)) -- FAILED.

Build FAILED.

Time Elapsed 00:00:03.09
